<?xml version="1.0" encoding="UTF-8"?>
<testsuite xmlns:xsi="http://www.w3.org/2001/XMLSchema-instance" xsi:noNamespaceSchemaLocation="https://maven.apache.org/surefire/maven-surefire-plugin/xsd/surefire-test-report-3.0.xsd" version="3.0" name="com.mycompany.quickchat.MessagesTest" time="0.116" tests="9" errors="0" skipped="0" failures="0">
  <properties>
[...]
</properties>
  <testcase name="testGeneratedMessageIDLength" classname="com.mycompany.quickchat.MessagesTest" time="0.031"/>
  <testcase name="testInvalidRecipientCell" classname="com.mycompany.quickchat.MessagesTest" time="0.002"/>
  <testcase name="testMessageLengthSuccess" classname="com.mycompany.quickchat.MessagesTest" time="0.001"/>
  <testcase name="testSendMessageActionDiscard" classname="com.mycompany.quickchat.MessagesTest" time="0.004"/>
  <testcase name="testSendMessageActionStore" classname="com.mycompany.quickchat.MessagesTest" time="0.002"/>
  <testcase name="testMessageLengthFailure" classname="com.mycompany.quickchat.MessagesTest" time="0.007"/>
  <testcase name="testValidRecipientCell" classname="com.mycompany.quickchat.MessagesTest" time="0.002"/>
  <testcase name="testSendMessageActionSend" classname="com.mycompany.quickchat.MessagesTest" time="0.002"/>
  <testcase name="testMessageHashCorrectness" classname="com.mycompany.quickchat.MessagesTest" time="0.014"/>
</testsuite>